2025-08-29 13:42:10,209 DEBUG    root            Loaded Command Group: ['gcloud', 'components']
2025-08-29 13:42:10,212 DEBUG    root            Loaded Command Group: ['gcloud', 'components', 'update']
2025-08-29 13:42:10,214 DEBUG    root            Running [gcloud.components.update] with arguments: [--compile-python: "True", --quiet: "True", COMPONENT-IDS:6: "['core', 'gcloud-deps', 'bq', 'gcloud', 'gcloud-crc32c', 'gsutil']"]
2025-08-29 13:42:10,215 INFO     ___FILE_ONLY___ Beginning update. This process may take several minutes.

2025-08-29 13:42:10,252 DEBUG    urllib3.connectionpool Starting new HTTPS connection (1): dl.google.com:443
2025-08-29 13:42:10,364 DEBUG    urllib3.connectionpool https://dl.google.com:443 "GET /dl/cloudsdk/channels/rapid/components-2.json HTTP/11" 200 233150
2025-08-29 13:42:10,416 INFO     ___FILE_ONLY___ 

2025-08-29 13:42:10,417 INFO     ___FILE_ONLY___ 
Your current Google Cloud CLI version is: 536.0.1

2025-08-29 13:42:10,417 INFO     ___FILE_ONLY___ Installing components from version: 536.0.1

2025-08-29 13:42:10,417 INFO     ___FILE_ONLY___ 

2025-08-29 13:42:10,417 DEBUG    root            Chosen display Format:table[box,title="These components will be removed."](details.display_name:label=Name:align=left,version.version_string:label=Version:align=right,data.size.size(zero="",min=1048576):label=Size:align=right)
2025-08-29 13:42:10,418 DEBUG    root            Chosen display Format:table[box,title="These components will be updated."](details.display_name:label=Name:align=left,version.version_string:label=Version:align=right,data.size.size(zero="",min=1048576):label=Size:align=right)
2025-08-29 13:42:10,418 DEBUG    root            Chosen display Format:table[box,title="These components will be installed."](details.display_name:label=Name:align=left,version.version_string:label=Version:align=right,data.size.size(zero="",min=1048576):label=Size:align=right)
2025-08-29 13:42:10,460 INFO     ___FILE_ONLY___ ┌─────────────────────────────────────────────────────────────────────────────┐
2025-08-29 13:42:10,460 INFO     ___FILE_ONLY___ 

2025-08-29 13:42:10,460 INFO     ___FILE_ONLY___ │                     These components will be installed.                     │
2025-08-29 13:42:10,460 INFO     ___FILE_ONLY___ 

2025-08-29 13:42:10,460 INFO     ___FILE_ONLY___ ├─────────────────────────────────────────────────────┬────────────┬──────────┤
2025-08-29 13:42:10,461 INFO     ___FILE_ONLY___ 

2025-08-29 13:42:10,461 INFO     ___FILE_ONLY___ │                         Name                        │  Version   │   Size   │
2025-08-29 13:42:10,461 INFO     ___FILE_ONLY___ 

2025-08-29 13:42:10,461 INFO     ___FILE_ONLY___ ├─────────────────────────────────────────────────────┼────────────┼──────────┤
2025-08-29 13:42:10,461 INFO     ___FILE_ONLY___ 

2025-08-29 13:42:10,461 INFO     ___FILE_ONLY___ │ 
2025-08-29 13:42:10,462 INFO     ___FILE_ONLY___ BigQuery Command Line Tool                         
2025-08-29 13:42:10,462 INFO     ___FILE_ONLY___  
2025-08-29 13:42:10,462 INFO     ___FILE_ONLY___ │ 
2025-08-29 13:42:10,462 INFO     ___FILE_ONLY___     2.1.22
2025-08-29 13:42:10,462 INFO     ___FILE_ONLY___  
2025-08-29 13:42:10,462 INFO     ___FILE_ONLY___ │ 
2025-08-29 13:42:10,462 INFO     ___FILE_ONLY___  1.8 MiB
2025-08-29 13:42:10,462 INFO     ___FILE_ONLY___  
2025-08-29 13:42:10,462 INFO     ___FILE_ONLY___ │
2025-08-29 13:42:10,463 INFO     ___FILE_ONLY___ 

2025-08-29 13:42:10,463 INFO     ___FILE_ONLY___ │ 
2025-08-29 13:42:10,463 INFO     ___FILE_ONLY___ BigQuery Command Line Tool (Platform Specific)     
2025-08-29 13:42:10,463 INFO     ___FILE_ONLY___  
2025-08-29 13:42:10,463 INFO     ___FILE_ONLY___ │ 
2025-08-29 13:42:10,463 INFO     ___FILE_ONLY___     2.1.17
2025-08-29 13:42:10,463 INFO     ___FILE_ONLY___  
2025-08-29 13:42:10,463 INFO     ___FILE_ONLY___ │ 
2025-08-29 13:42:10,463 INFO     ___FILE_ONLY___  < 1 MiB
2025-08-29 13:42:10,463 INFO     ___FILE_ONLY___  
2025-08-29 13:42:10,463 INFO     ___FILE_ONLY___ │
2025-08-29 13:42:10,464 INFO     ___FILE_ONLY___ 

2025-08-29 13:42:10,464 INFO     ___FILE_ONLY___ │ 
2025-08-29 13:42:10,464 INFO     ___FILE_ONLY___ Bundled Python 3.12 (Platform Specific)            
2025-08-29 13:42:10,464 INFO     ___FILE_ONLY___  
2025-08-29 13:42:10,464 INFO     ___FILE_ONLY___ │ 
2025-08-29 13:42:10,464 INFO     ___FILE_ONLY___     3.12.9
2025-08-29 13:42:10,464 INFO     ___FILE_ONLY___  
2025-08-29 13:42:10,464 INFO     ___FILE_ONLY___ │ 
2025-08-29 13:42:10,464 INFO     ___FILE_ONLY___ 89.3 MiB
2025-08-29 13:42:10,464 INFO     ___FILE_ONLY___  
2025-08-29 13:42:10,464 INFO     ___FILE_ONLY___ │
2025-08-29 13:42:10,465 INFO     ___FILE_ONLY___ 

2025-08-29 13:42:10,465 INFO     ___FILE_ONLY___ │ 
2025-08-29 13:42:10,465 INFO     ___FILE_ONLY___ Cloud Storage Command Line Tool                    
2025-08-29 13:42:10,465 INFO     ___FILE_ONLY___  
2025-08-29 13:42:10,465 INFO     ___FILE_ONLY___ │ 
2025-08-29 13:42:10,465 INFO     ___FILE_ONLY___       5.35
2025-08-29 13:42:10,465 INFO     ___FILE_ONLY___  
2025-08-29 13:42:10,465 INFO     ___FILE_ONLY___ │ 
2025-08-29 13:42:10,465 INFO     ___FILE_ONLY___ 12.4 MiB
2025-08-29 13:42:10,465 INFO     ___FILE_ONLY___  
2025-08-29 13:42:10,465 INFO     ___FILE_ONLY___ │
2025-08-29 13:42:10,466 INFO     ___FILE_ONLY___ 

2025-08-29 13:42:10,466 INFO     ___FILE_ONLY___ │ 
2025-08-29 13:42:10,466 INFO     ___FILE_ONLY___ Cloud Storage Command Line Tool (Platform Specific)
2025-08-29 13:42:10,466 INFO     ___FILE_ONLY___  
2025-08-29 13:42:10,466 INFO     ___FILE_ONLY___ │ 
2025-08-29 13:42:10,466 INFO     ___FILE_ONLY___       5.34
2025-08-29 13:42:10,466 INFO     ___FILE_ONLY___  
2025-08-29 13:42:10,466 INFO     ___FILE_ONLY___ │ 
2025-08-29 13:42:10,466 INFO     ___FILE_ONLY___  < 1 MiB
2025-08-29 13:42:10,466 INFO     ___FILE_ONLY___  
2025-08-29 13:42:10,466 INFO     ___FILE_ONLY___ │
2025-08-29 13:42:10,466 INFO     ___FILE_ONLY___ 

2025-08-29 13:42:10,467 INFO     ___FILE_ONLY___ │ 
2025-08-29 13:42:10,467 INFO     ___FILE_ONLY___ Google Cloud CLI Core Libraries (Platform Specific)
2025-08-29 13:42:10,467 INFO     ___FILE_ONLY___  
2025-08-29 13:42:10,467 INFO     ___FILE_ONLY___ │ 
2025-08-29 13:42:10,467 INFO     ___FILE_ONLY___ 2025.05.23
2025-08-29 13:42:10,467 INFO     ___FILE_ONLY___  
2025-08-29 13:42:10,467 INFO     ___FILE_ONLY___ │ 
2025-08-29 13:42:10,467 INFO     ___FILE_ONLY___  < 1 MiB
2025-08-29 13:42:10,468 INFO     ___FILE_ONLY___  
2025-08-29 13:42:10,468 INFO     ___FILE_ONLY___ │
2025-08-29 13:42:10,468 INFO     ___FILE_ONLY___ 

2025-08-29 13:42:10,468 INFO     ___FILE_ONLY___ │ 
2025-08-29 13:42:10,468 INFO     ___FILE_ONLY___ Google Cloud CRC32C Hash Tool (Platform Specific)  
2025-08-29 13:42:10,468 INFO     ___FILE_ONLY___  
2025-08-29 13:42:10,468 INFO     ___FILE_ONLY___ │ 
2025-08-29 13:42:10,468 INFO     ___FILE_ONLY___      1.0.0
2025-08-29 13:42:10,468 INFO     ___FILE_ONLY___  
2025-08-29 13:42:10,469 INFO     ___FILE_ONLY___ │ 
2025-08-29 13:42:10,469 INFO     ___FILE_ONLY___  1.5 MiB
2025-08-29 13:42:10,469 INFO     ___FILE_ONLY___  
2025-08-29 13:42:10,469 INFO     ___FILE_ONLY___ │
2025-08-29 13:42:10,469 INFO     ___FILE_ONLY___ 

2025-08-29 13:42:10,469 INFO     ___FILE_ONLY___ │ 
2025-08-29 13:42:10,469 INFO     ___FILE_ONLY___ gcloud cli dependencies (Platform Specific)        
2025-08-29 13:42:10,469 INFO     ___FILE_ONLY___  
2025-08-29 13:42:10,469 INFO     ___FILE_ONLY___ │ 
2025-08-29 13:42:10,469 INFO     ___FILE_ONLY___ 2021.04.16
2025-08-29 13:42:10,469 INFO     ___FILE_ONLY___  
2025-08-29 13:42:10,470 INFO     ___FILE_ONLY___ │ 
2025-08-29 13:42:10,470 INFO     ___FILE_ONLY___  < 1 MiB
2025-08-29 13:42:10,470 INFO     ___FILE_ONLY___  
2025-08-29 13:42:10,470 INFO     ___FILE_ONLY___ │
2025-08-29 13:42:10,470 INFO     ___FILE_ONLY___ 

2025-08-29 13:42:10,470 INFO     ___FILE_ONLY___ └─────────────────────────────────────────────────────┴────────────┴──────────┘
2025-08-29 13:42:10,470 INFO     ___FILE_ONLY___ 

2025-08-29 13:42:10,470 INFO     ___FILE_ONLY___ 

2025-08-29 13:42:10,473 DEBUG    urllib3.connectionpool Starting new HTTPS connection (1): dl.google.com:443
2025-08-29 13:42:10,550 DEBUG    urllib3.connectionpool https://dl.google.com:443 "GET /dl/cloudsdk/channels/rapid/RELEASE_NOTES HTTP/11" 200 1471518
2025-08-29 13:42:11,269 INFO     ___FILE_ONLY___ For the latest full release notes, please visit:
  https://cloud.google.com/sdk/release_notes


2025-08-29 13:42:11,270 INFO     ___FILE_ONLY___ Performing in place update...


2025-08-29 13:42:11,272 INFO     ___FILE_ONLY___ ╔════════════════════════════════════════════════════════════╗

2025-08-29 13:42:11,272 INFO     ___FILE_ONLY___ ╠═ Downloading: BigQuery Command Line Tool                  ═╣

2025-08-29 13:42:11,272 INFO     ___FILE_ONLY___ ╚
2025-08-29 13:42:11,276 DEBUG    urllib3.connectionpool Starting new HTTPS connection (1): dl.google.com:443
2025-08-29 13:42:11,342 DEBUG    urllib3.connectionpool https://dl.google.com:443 "GET /dl/cloudsdk/channels/rapid/components/google-cloud-sdk-bq-20250801150402.tar.gz HTTP/11" 200 1856357
2025-08-29 13:42:11,436 INFO     ___FILE_ONLY___ ═
2025-08-29 13:42:11,436 INFO     ___FILE_ONLY___ ═
2025-08-29 13:42:11,436 INFO     ___FILE_ONLY___ ═
2025-08-29 13:42:11,436 INFO     ___FILE_ONLY___ ═
2025-08-29 13:42:11,436 INFO     ___FILE_ONLY___ ═
2025-08-29 13:42:11,436 INFO     ___FILE_ONLY___ ═
2025-08-29 13:42:11,436 INFO     ___FILE_ONLY___ ═
2025-08-29 13:42:11,437 INFO     ___FILE_ONLY___ ═
2025-08-29 13:42:11,437 INFO     ___FILE_ONLY___ ═
2025-08-29 13:42:11,437 INFO     ___FILE_ONLY___ ═
2025-08-29 13:42:11,437 INFO     ___FILE_ONLY___ ═
2025-08-29 13:42:11,437 INFO     ___FILE_ONLY___ ═
2025-08-29 13:42:11,437 INFO     ___FILE_ONLY___ ═
2025-08-29 13:42:11,437 INFO     ___FILE_ONLY___ ═
2025-08-29 13:42:11,437 INFO     ___FILE_ONLY___ ═
2025-08-29 13:42:11,437 INFO     ___FILE_ONLY___ ═
2025-08-29 13:42:11,437 INFO     ___FILE_ONLY___ ═
2025-08-29 13:42:11,437 INFO     ___FILE_ONLY___ ═
2025-08-29 13:42:11,438 INFO     ___FILE_ONLY___ ═
2025-08-29 13:42:11,438 INFO     ___FILE_ONLY___ ═
2025-08-29 13:42:11,438 INFO     ___FILE_ONLY___ ═
2025-08-29 13:42:11,438 INFO     ___FILE_ONLY___ ═
2025-08-29 13:42:11,438 INFO     ___FILE_ONLY___ ═
2025-08-29 13:42:11,438 INFO     ___FILE_ONLY___ ═
2025-08-29 13:42:11,438 INFO     ___FILE_ONLY___ ═
2025-08-29 13:42:11,438 INFO     ___FILE_ONLY___ ═
2025-08-29 13:42:11,438 INFO     ___FILE_ONLY___ ═
2025-08-29 13:42:11,438 INFO     ___FILE_ONLY___ ═
2025-08-29 13:42:11,438 INFO     ___FILE_ONLY___ ═
2025-08-29 13:42:11,439 INFO     ___FILE_ONLY___ ═
2025-08-29 13:42:11,439 INFO     ___FILE_ONLY___ ═
2025-08-29 13:42:11,439 INFO     ___FILE_ONLY___ ═
2025-08-29 13:42:11,439 INFO     ___FILE_ONLY___ ═
2025-08-29 13:42:11,439 INFO     ___FILE_ONLY___ ═
2025-08-29 13:42:11,439 INFO     ___FILE_ONLY___ ═
2025-08-29 13:42:11,439 INFO     ___FILE_ONLY___ ═
2025-08-29 13:42:11,439 INFO     ___FILE_ONLY___ ═
2025-08-29 13:42:11,439 INFO     ___FILE_ONLY___ ═
2025-08-29 13:42:11,440 INFO     ___FILE_ONLY___ ═
2025-08-29 13:42:11,440 INFO     ___FILE_ONLY___ ═
2025-08-29 13:42:11,440 INFO     ___FILE_ONLY___ ═
2025-08-29 13:42:11,440 INFO     ___FILE_ONLY___ ═
2025-08-29 13:42:11,440 INFO     ___FILE_ONLY___ ═
2025-08-29 13:42:11,440 INFO     ___FILE_ONLY___ ═
2025-08-29 13:42:11,440 INFO     ___FILE_ONLY___ ═
2025-08-29 13:42:11,440 INFO     ___FILE_ONLY___ ═
2025-08-29 13:42:11,440 INFO     ___FILE_ONLY___ ═
2025-08-29 13:42:11,440 INFO     ___FILE_ONLY___ ═
2025-08-29 13:42:11,440 INFO     ___FILE_ONLY___ ═
2025-08-29 13:42:11,441 INFO     ___FILE_ONLY___ ═
2025-08-29 13:42:11,441 INFO     ___FILE_ONLY___ ═
2025-08-29 13:42:11,441 INFO     ___FILE_ONLY___ ═
2025-08-29 13:42:11,441 INFO     ___FILE_ONLY___ ═
2025-08-29 13:42:11,441 INFO     ___FILE_ONLY___ ═
2025-08-29 13:42:11,441 INFO     ___FILE_ONLY___ ═
2025-08-29 13:42:11,441 INFO     ___FILE_ONLY___ ═
2025-08-29 13:42:11,441 INFO     ___FILE_ONLY___ ═
2025-08-29 13:42:11,441 INFO     ___FILE_ONLY___ ═
2025-08-29 13:42:11,441 INFO     ___FILE_ONLY___ ═
2025-08-29 13:42:11,442 INFO     ___FILE_ONLY___ ═
2025-08-29 13:42:11,442 INFO     ___FILE_ONLY___ ╝

2025-08-29 13:42:11,444 INFO     ___FILE_ONLY___ ╔════════════════════════════════════════════════════════════╗

2025-08-29 13:42:11,444 INFO     ___FILE_ONLY___ ╠═ Downloading: BigQuery Command Line Tool (Platform Spe... ═╣

2025-08-29 13:42:11,444 INFO     ___FILE_ONLY___ ╚
2025-08-29 13:42:11,447 DEBUG    urllib3.connectionpool Starting new HTTPS connection (1): dl.google.com:443
2025-08-29 13:42:11,534 DEBUG    urllib3.connectionpool https://dl.google.com:443 "GET /dl/cloudsdk/channels/rapid/components/google-cloud-sdk-bq-nix-20250523104322.tar.gz HTTP/11" 200 1935
2025-08-29 13:42:11,534 INFO     ___FILE_ONLY___ ════════════════════════════════════════════════════════════
2025-08-29 13:42:11,535 INFO     ___FILE_ONLY___ ╝

2025-08-29 13:42:11,537 INFO     ___FILE_ONLY___ ╔════════════════════════════════════════════════════════════╗

2025-08-29 13:42:11,537 INFO     ___FILE_ONLY___ ╠═ Downloading: Bundled Python 3.12                         ═╣

2025-08-29 13:42:11,537 INFO     ___FILE_ONLY___ ╚
2025-08-29 13:42:11,537 INFO     ___FILE_ONLY___ ════════════════════════════════════════════════════════════
2025-08-29 13:42:11,537 INFO     ___FILE_ONLY___ ╝

2025-08-29 13:42:11,539 INFO     ___FILE_ONLY___ ╔════════════════════════════════════════════════════════════╗

2025-08-29 13:42:11,539 INFO     ___FILE_ONLY___ ╠═ Downloading: Bundled Python 3.12 (Platform Specific)     ═╣

2025-08-29 13:42:11,539 INFO     ___FILE_ONLY___ ╚
2025-08-29 13:42:11,542 DEBUG    urllib3.connectionpool Starting new HTTPS connection (1): dl.google.com:443
2025-08-29 13:42:11,601 DEBUG    urllib3.connectionpool https://dl.google.com:443 "GET /dl/cloudsdk/channels/rapid/components/google-cloud-sdk-bundled-python3-unix-linux-x86_64-20250502143716.tar.gz HTTP/11" 200 93610468
2025-08-29 13:42:13,574 INFO     ___FILE_ONLY___ ═
2025-08-29 13:42:13,576 INFO     ___FILE_ONLY___ ═
2025-08-29 13:42:13,578 INFO     ___FILE_ONLY___ ═
2025-08-29 13:42:13,580 INFO     ___FILE_ONLY___ ═
2025-08-29 13:42:13,582 INFO     ___FILE_ONLY___ ═
2025-08-29 13:42:13,584 INFO     ___FILE_ONLY___ ═
2025-08-29 13:42:13,586 INFO     ___FILE_ONLY___ ═
2025-08-29 13:42:13,588 INFO     ___FILE_ONLY___ ═
2025-08-29 13:42:13,590 INFO     ___FILE_ONLY___ ═
2025-08-29 13:42:13,592 INFO     ___FILE_ONLY___ ═
2025-08-29 13:42:13,594 INFO     ___FILE_ONLY___ ═
2025-08-29 13:42:13,596 INFO     ___FILE_ONLY___ ═
2025-08-29 13:42:13,598 INFO     ___FILE_ONLY___ ═
2025-08-29 13:42:13,600 INFO     ___FILE_ONLY___ ═
2025-08-29 13:42:13,601 INFO     ___FILE_ONLY___ ═
2025-08-29 13:42:13,603 INFO     ___FILE_ONLY___ ═
2025-08-29 13:42:13,605 INFO     ___FILE_ONLY___ ═
2025-08-29 13:42:13,607 INFO     ___FILE_ONLY___ ═
2025-08-29 13:42:13,609 INFO     ___FILE_ONLY___ ═
2025-08-29 13:42:13,611 INFO     ___FILE_ONLY___ ═
2025-08-29 13:42:13,613 INFO     ___FILE_ONLY___ ═
2025-08-29 13:42:13,615 INFO     ___FILE_ONLY___ ═
2025-08-29 13:42:13,617 INFO     ___FILE_ONLY___ ═
2025-08-29 13:42:13,619 INFO     ___FILE_ONLY___ ═
2025-08-29 13:42:13,621 INFO     ___FILE_ONLY___ ═
2025-08-29 13:42:13,623 INFO     ___FILE_ONLY___ ═
2025-08-29 13:42:13,624 INFO     ___FILE_ONLY___ ═
2025-08-29 13:42:13,626 INFO     ___FILE_ONLY___ ═
2025-08-29 13:42:13,628 INFO     ___FILE_ONLY___ ═
2025-08-29 13:42:13,630 INFO     ___FILE_ONLY___ ═
2025-08-29 13:42:13,632 INFO     ___FILE_ONLY___ ═
2025-08-29 13:42:13,634 INFO     ___FILE_ONLY___ ═
2025-08-29 13:42:13,636 INFO     ___FILE_ONLY___ ═
2025-08-29 13:42:13,638 INFO     ___FILE_ONLY___ ═
2025-08-29 13:42:13,639 INFO     ___FILE_ONLY___ ═
2025-08-29 13:42:13,641 INFO     ___FILE_ONLY___ ═
2025-08-29 13:42:13,643 INFO     ___FILE_ONLY___ ═
2025-08-29 13:42:13,645 INFO     ___FILE_ONLY___ ═
2025-08-29 13:42:13,647 INFO     ___FILE_ONLY___ ═
2025-08-29 13:42:13,649 INFO     ___FILE_ONLY___ ═
2025-08-29 13:42:13,651 INFO     ___FILE_ONLY___ ═
2025-08-29 13:42:13,653 INFO     ___FILE_ONLY___ ═
2025-08-29 13:42:13,655 INFO     ___FILE_ONLY___ ═
2025-08-29 13:42:13,657 INFO     ___FILE_ONLY___ ═
2025-08-29 13:42:13,658 INFO     ___FILE_ONLY___ ═
2025-08-29 13:42:13,660 INFO     ___FILE_ONLY___ ═
2025-08-29 13:42:13,662 INFO     ___FILE_ONLY___ ═
2025-08-29 13:42:13,664 INFO     ___FILE_ONLY___ ═
2025-08-29 13:42:13,666 INFO     ___FILE_ONLY___ ═
2025-08-29 13:42:13,668 INFO     ___FILE_ONLY___ ═
2025-08-29 13:42:13,670 INFO     ___FILE_ONLY___ ═
2025-08-29 13:42:13,672 INFO     ___FILE_ONLY___ ═
2025-08-29 13:42:13,673 INFO     ___FILE_ONLY___ ═
2025-08-29 13:42:13,675 INFO     ___FILE_ONLY___ ═
2025-08-29 13:42:13,677 INFO     ___FILE_ONLY___ ═
2025-08-29 13:42:13,679 INFO     ___FILE_ONLY___ ═
2025-08-29 13:42:13,681 INFO     ___FILE_ONLY___ ═
2025-08-29 13:42:13,683 INFO     ___FILE_ONLY___ ═
2025-08-29 13:42:13,685 INFO     ___FILE_ONLY___ ═
2025-08-29 13:42:13,687 INFO     ___FILE_ONLY___ ═
2025-08-29 13:42:13,687 INFO     ___FILE_ONLY___ ╝

2025-08-29 13:42:13,689 INFO     ___FILE_ONLY___ ╔════════════════════════════════════════════════════════════╗

2025-08-29 13:42:13,690 INFO     ___FILE_ONLY___ ╠═ Downloading: Cloud Storage Command Line Tool             ═╣

2025-08-29 13:42:13,690 INFO     ___FILE_ONLY___ ╚
2025-08-29 13:42:13,692 DEBUG    urllib3.connectionpool Starting new HTTPS connection (1): dl.google.com:443
2025-08-29 13:42:13,749 DEBUG    urllib3.connectionpool https://dl.google.com:443 "GET /dl/cloudsdk/channels/rapid/components/google-cloud-sdk-gsutil-20250627154417.tar.gz HTTP/11" 200 12962791
2025-08-29 13:42:14,053 INFO     ___FILE_ONLY___ ═
2025-08-29 13:42:14,053 INFO     ___FILE_ONLY___ ═
2025-08-29 13:42:14,053 INFO     ___FILE_ONLY___ ═
2025-08-29 13:42:14,054 INFO     ___FILE_ONLY___ ═
2025-08-29 13:42:14,054 INFO     ___FILE_ONLY___ ═
2025-08-29 13:42:14,054 INFO     ___FILE_ONLY___ ═
2025-08-29 13:42:14,055 INFO     ___FILE_ONLY___ ═
2025-08-29 13:42:14,055 INFO     ___FILE_ONLY___ ═
2025-08-29 13:42:14,055 INFO     ___FILE_ONLY___ ═
2025-08-29 13:42:14,056 INFO     ___FILE_ONLY___ ═
2025-08-29 13:42:14,056 INFO     ___FILE_ONLY___ ═
2025-08-29 13:42:14,057 INFO     ___FILE_ONLY___ ═
2025-08-29 13:42:14,057 INFO     ___FILE_ONLY___ ═
2025-08-29 13:42:14,057 INFO     ___FILE_ONLY___ ═
2025-08-29 13:42:14,058 INFO     ___FILE_ONLY___ ═
2025-08-29 13:42:14,058 INFO     ___FILE_ONLY___ ═
2025-08-29 13:42:14,058 INFO     ___FILE_ONLY___ ═
2025-08-29 13:42:14,058 INFO     ___FILE_ONLY___ ═
2025-08-29 13:42:14,059 INFO     ___FILE_ONLY___ ═
2025-08-29 13:42:14,059 INFO     ___FILE_ONLY___ ═
2025-08-29 13:42:14,059 INFO     ___FILE_ONLY___ ═
2025-08-29 13:42:14,060 INFO     ___FILE_ONLY___ ═
2025-08-29 13:42:14,060 INFO     ___FILE_ONLY___ ═
2025-08-29 13:42:14,060 INFO     ___FILE_ONLY___ ═
2025-08-29 13:42:14,061 INFO     ___FILE_ONLY___ ═
2025-08-29 13:42:14,061 INFO     ___FILE_ONLY___ ═
2025-08-29 13:42:14,061 INFO     ___FILE_ONLY___ ═
2025-08-29 13:42:14,062 INFO     ___FILE_ONLY___ ═
2025-08-29 13:42:14,062 INFO     ___FILE_ONLY___ ═
2025-08-29 13:42:14,062 INFO     ___FILE_ONLY___ ═
2025-08-29 13:42:14,063 INFO     ___FILE_ONLY___ ═
2025-08-29 13:42:14,063 INFO     ___FILE_ONLY___ ═
2025-08-29 13:42:14,063 INFO     ___FILE_ONLY___ ═
2025-08-29 13:42:14,064 INFO     ___FILE_ONLY___ ═
2025-08-29 13:42:14,064 INFO     ___FILE_ONLY___ ═
2025-08-29 13:42:14,064 INFO     ___FILE_ONLY___ ═
2025-08-29 13:42:14,065 INFO     ___FILE_ONLY___ ═
2025-08-29 13:42:14,065 INFO     ___FILE_ONLY___ ═
2025-08-29 13:42:14,065 INFO     ___FILE_ONLY___ ═
2025-08-29 13:42:14,066 INFO     ___FILE_ONLY___ ═
2025-08-29 13:42:14,066 INFO     ___FILE_ONLY___ ═
2025-08-29 13:42:14,066 INFO     ___FILE_ONLY___ ═
2025-08-29 13:42:14,066 INFO     ___FILE_ONLY___ ═
2025-08-29 13:42:14,067 INFO     ___FILE_ONLY___ ═
2025-08-29 13:42:14,067 INFO     ___FILE_ONLY___ ═
2025-08-29 13:42:14,067 INFO     ___FILE_ONLY___ ═
2025-08-29 13:42:14,068 INFO     ___FILE_ONLY___ ═
2025-08-29 13:42:14,068 INFO     ___FILE_ONLY___ ═
2025-08-29 13:42:14,068 INFO     ___FILE_ONLY___ ═
2025-08-29 13:42:14,069 INFO     ___FILE_ONLY___ ═
2025-08-29 13:42:14,069 INFO     ___FILE_ONLY___ ═
2025-08-29 13:42:14,069 INFO     ___FILE_ONLY___ ═
2025-08-29 13:42:14,070 INFO     ___FILE_ONLY___ ═
2025-08-29 13:42:14,070 INFO     ___FILE_ONLY___ ═
2025-08-29 13:42:14,070 INFO     ___FILE_ONLY___ ═
2025-08-29 13:42:14,071 INFO     ___FILE_ONLY___ ═
2025-08-29 13:42:14,071 INFO     ___FILE_ONLY___ ═
2025-08-29 13:42:14,071 INFO     ___FILE_ONLY___ ═
2025-08-29 13:42:14,072 INFO     ___FILE_ONLY___ ═
2025-08-29 13:42:14,072 INFO     ___FILE_ONLY___ ═
2025-08-29 13:42:14,072 INFO     ___FILE_ONLY___ ╝

2025-08-29 13:42:14,074 INFO     ___FILE_ONLY___ ╔════════════════════════════════════════════════════════════╗

2025-08-29 13:42:14,074 INFO     ___FILE_ONLY___ ╠═ Downloading: Cloud Storage Command Line Tool (Platfor... ═╣

2025-08-29 13:42:14,074 INFO     ___FILE_ONLY___ ╚
2025-08-29 13:42:14,077 DEBUG    urllib3.connectionpool Starting new HTTPS connection (1): dl.google.com:443
2025-08-29 13:42:14,163 DEBUG    urllib3.connectionpool https://dl.google.com:443 "GET /dl/cloudsdk/channels/rapid/components/google-cloud-sdk-gsutil-nix-20250523104322.tar.gz HTTP/11" 200 1950
2025-08-29 13:42:14,164 INFO     ___FILE_ONLY___ ════════════════════════════════════════════════════════════
2025-08-29 13:42:14,164 INFO     ___FILE_ONLY___ ╝

2025-08-29 13:42:14,166 INFO     ___FILE_ONLY___ ╔════════════════════════════════════════════════════════════╗

2025-08-29 13:42:14,166 INFO     ___FILE_ONLY___ ╠═ Downloading: Default set of gcloud commands              ═╣

2025-08-29 13:42:14,166 INFO     ___FILE_ONLY___ ╚
2025-08-29 13:42:14,167 INFO     ___FILE_ONLY___ ════════════════════════════════════════════════════════════
2025-08-29 13:42:14,167 INFO     ___FILE_ONLY___ ╝

2025-08-29 13:42:14,168 INFO     ___FILE_ONLY___ ╔════════════════════════════════════════════════════════════╗

2025-08-29 13:42:14,169 INFO     ___FILE_ONLY___ ╠═ Downloading: Google Cloud CLI Core Libraries (Platfor... ═╣

2025-08-29 13:42:14,169 INFO     ___FILE_ONLY___ ╚
2025-08-29 13:42:14,171 DEBUG    urllib3.connectionpool Starting new HTTPS connection (1): dl.google.com:443
2025-08-29 13:42:14,310 DEBUG    urllib3.connectionpool https://dl.google.com:443 "GET /dl/cloudsdk/channels/rapid/components/google-cloud-sdk-core-nix-20250523104322.tar.gz HTTP/11" 200 2325
2025-08-29 13:42:14,310 INFO     ___FILE_ONLY___ ════════════════════════════════════════════════════════════
2025-08-29 13:42:14,310 INFO     ___FILE_ONLY___ ╝

2025-08-29 13:42:14,313 INFO     ___FILE_ONLY___ ╔════════════════════════════════════════════════════════════╗

2025-08-29 13:42:14,313 INFO     ___FILE_ONLY___ ╠═ Downloading: Google Cloud CRC32C Hash Tool               ═╣

2025-08-29 13:42:14,313 INFO     ___FILE_ONLY___ ╚
2025-08-29 13:42:14,313 INFO     ___FILE_ONLY___ ════════════════════════════════════════════════════════════
2025-08-29 13:42:14,313 INFO     ___FILE_ONLY___ ╝

2025-08-29 13:42:14,315 INFO     ___FILE_ONLY___ ╔════════════════════════════════════════════════════════════╗

2025-08-29 13:42:14,315 INFO     ___FILE_ONLY___ ╠═ Downloading: Google Cloud CRC32C Hash Tool (Platform ... ═╣

2025-08-29 13:42:14,315 INFO     ___FILE_ONLY___ ╚
2025-08-29 13:42:14,318 DEBUG    urllib3.connectionpool Starting new HTTPS connection (1): dl.google.com:443
2025-08-29 13:42:14,433 DEBUG    urllib3.connectionpool https://dl.google.com:443 "GET /dl/cloudsdk/channels/rapid/components/google-cloud-sdk-gcloud-crc32c-linux-x86_64-20250613150750.tar.gz HTTP/11" 200 1525557
2025-08-29 13:42:14,681 INFO     ___FILE_ONLY___ ═
2025-08-29 13:42:14,681 INFO     ___FILE_ONLY___ ═
2025-08-29 13:42:14,681 INFO     ___FILE_ONLY___ ═
2025-08-29 13:42:14,681 INFO     ___FILE_ONLY___ ═
2025-08-29 13:42:14,682 INFO     ___FILE_ONLY___ ═
2025-08-29 13:42:14,682 INFO     ___FILE_ONLY___ ═
2025-08-29 13:42:14,682 INFO     ___FILE_ONLY___ ═
2025-08-29 13:42:14,682 INFO     ___FILE_ONLY___ ═
2025-08-29 13:42:14,682 INFO     ___FILE_ONLY___ ═
2025-08-29 13:42:14,682 INFO     ___FILE_ONLY___ ═
2025-08-29 13:42:14,682 INFO     ___FILE_ONLY___ ═
2025-08-29 13:42:14,682 INFO     ___FILE_ONLY___ ═
2025-08-29 13:42:14,682 INFO     ___FILE_ONLY___ ═
2025-08-29 13:42:14,682 INFO     ___FILE_ONLY___ ═
2025-08-29 13:42:14,682 INFO     ___FILE_ONLY___ ═
2025-08-29 13:42:14,682 INFO     ___FILE_ONLY___ ═
2025-08-29 13:42:14,683 INFO     ___FILE_ONLY___ ═
2025-08-29 13:42:14,683 INFO     ___FILE_ONLY___ ═
2025-08-29 13:42:14,683 INFO     ___FILE_ONLY___ ═
2025-08-29 13:42:14,683 INFO     ___FILE_ONLY___ ═
2025-08-29 13:42:14,683 INFO     ___FILE_ONLY___ ═
2025-08-29 13:42:14,683 INFO     ___FILE_ONLY___ ═
2025-08-29 13:42:14,683 INFO     ___FILE_ONLY___ ═
2025-08-29 13:42:14,683 INFO     ___FILE_ONLY___ ═
2025-08-29 13:42:14,683 INFO     ___FILE_ONLY___ ═
2025-08-29 13:42:14,683 INFO     ___FILE_ONLY___ ═
2025-08-29 13:42:14,683 INFO     ___FILE_ONLY___ ═
2025-08-29 13:42:14,684 INFO     ___FILE_ONLY___ ═
2025-08-29 13:42:14,684 INFO     ___FILE_ONLY___ ═
2025-08-29 13:42:14,684 INFO     ___FILE_ONLY___ ═
2025-08-29 13:42:14,684 INFO     ___FILE_ONLY___ ═
2025-08-29 13:42:14,684 INFO     ___FILE_ONLY___ ═
2025-08-29 13:42:14,684 INFO     ___FILE_ONLY___ ═
2025-08-29 13:42:14,684 INFO     ___FILE_ONLY___ ═
2025-08-29 13:42:14,684 INFO     ___FILE_ONLY___ ═
2025-08-29 13:42:14,684 INFO     ___FILE_ONLY___ ═
2025-08-29 13:42:14,684 INFO     ___FILE_ONLY___ ═
2025-08-29 13:42:14,684 INFO     ___FILE_ONLY___ ═
2025-08-29 13:42:14,684 INFO     ___FILE_ONLY___ ═
2025-08-29 13:42:14,685 INFO     ___FILE_ONLY___ ═
2025-08-29 13:42:14,685 INFO     ___FILE_ONLY___ ═
2025-08-29 13:42:14,685 INFO     ___FILE_ONLY___ ═
2025-08-29 13:42:14,685 INFO     ___FILE_ONLY___ ═
2025-08-29 13:42:14,685 INFO     ___FILE_ONLY___ ═
2025-08-29 13:42:14,685 INFO     ___FILE_ONLY___ ═
2025-08-29 13:42:14,685 INFO     ___FILE_ONLY___ ═
2025-08-29 13:42:14,685 INFO     ___FILE_ONLY___ ═
2025-08-29 13:42:14,685 INFO     ___FILE_ONLY___ ═
2025-08-29 13:42:14,685 INFO     ___FILE_ONLY___ ═
2025-08-29 13:42:14,685 INFO     ___FILE_ONLY___ ═
2025-08-29 13:42:14,685 INFO     ___FILE_ONLY___ ═
2025-08-29 13:42:14,685 INFO     ___FILE_ONLY___ ═
2025-08-29 13:42:14,686 INFO     ___FILE_ONLY___ ═
2025-08-29 13:42:14,686 INFO     ___FILE_ONLY___ ═
2025-08-29 13:42:14,686 INFO     ___FILE_ONLY___ ═
2025-08-29 13:42:14,686 INFO     ___FILE_ONLY___ ═
2025-08-29 13:42:14,686 INFO     ___FILE_ONLY___ ═
2025-08-29 13:42:14,686 INFO     ___FILE_ONLY___ ═
2025-08-29 13:42:14,686 INFO     ___FILE_ONLY___ ═
2025-08-29 13:42:14,686 INFO     ___FILE_ONLY___ ═
2025-08-29 13:42:14,686 INFO     ___FILE_ONLY___ ╝

2025-08-29 13:42:14,688 INFO     ___FILE_ONLY___ ╔════════════════════════════════════════════════════════════╗

2025-08-29 13:42:14,689 INFO     ___FILE_ONLY___ ╠═ Downloading: gcloud cli dependencies (Platform Specific) ═╣

2025-08-29 13:42:14,689 INFO     ___FILE_ONLY___ ╚
2025-08-29 13:42:14,693 DEBUG    urllib3.connectionpool Starting new HTTPS connection (1): dl.google.com:443
2025-08-29 13:42:14,751 DEBUG    urllib3.connectionpool https://dl.google.com:443 "GET /dl/cloudsdk/channels/rapid/components/google-cloud-sdk-gcloud-deps-linux-x86_64-20210416153011.tar.gz HTTP/11" 200 104
2025-08-29 13:42:14,752 INFO     ___FILE_ONLY___ ════════════════════════════════════════════════════════════
2025-08-29 13:42:14,752 INFO     ___FILE_ONLY___ ╝

2025-08-29 13:42:14,754 INFO     ___FILE_ONLY___ ╔════════════════════════════════════════════════════════════╗

2025-08-29 13:42:14,754 INFO     ___FILE_ONLY___ ╠═ Installing: BigQuery Command Line Tool                   ═╣

2025-08-29 13:42:14,754 INFO     ___FILE_ONLY___ ╚
2025-08-29 13:42:14,843 INFO     ___FILE_ONLY___ ═
2025-08-29 13:42:14,846 INFO     ___FILE_ONLY___ ═
2025-08-29 13:42:14,848 INFO     ___FILE_ONLY___ ═
2025-08-29 13:42:14,850 INFO     ___FILE_ONLY___ ═
2025-08-29 13:42:14,853 INFO     ___FILE_ONLY___ ═
2025-08-29 13:42:14,855 INFO     ___FILE_ONLY___ ═
2025-08-29 13:42:14,858 INFO     ___FILE_ONLY___ ═
2025-08-29 13:42:14,860 INFO     ___FILE_ONLY___ ═
2025-08-29 13:42:14,862 INFO     ___FILE_ONLY___ ═
2025-08-29 13:42:14,864 INFO     ___FILE_ONLY___ ═
2025-08-29 13:42:14,867 INFO     ___FILE_ONLY___ ═
2025-08-29 13:42:14,869 INFO     ___FILE_ONLY___ ═
2025-08-29 13:42:14,871 INFO     ___FILE_ONLY___ ═
2025-08-29 13:42:14,873 INFO     ___FILE_ONLY___ ═
2025-08-29 13:42:14,875 INFO     ___FILE_ONLY___ ═
2025-08-29 13:42:14,878 INFO     ___FILE_ONLY___ ═
2025-08-29 13:42:14,880 INFO     ___FILE_ONLY___ ═
2025-08-29 13:42:14,882 INFO     ___FILE_ONLY___ ═
2025-08-29 13:42:14,884 INFO     ___FILE_ONLY___ ═
2025-08-29 13:42:14,888 INFO     ___FILE_ONLY___ ═
2025-08-29 13:42:14,890 INFO     ___FILE_ONLY___ ═
2025-08-29 13:42:14,892 INFO     ___FILE_ONLY___ ═
2025-08-29 13:42:14,895 INFO     ___FILE_ONLY___ ═
2025-08-29 13:42:14,897 INFO     ___FILE_ONLY___ ═
2025-08-29 13:42:14,898 INFO     ___FILE_ONLY___ ═
2025-08-29 13:42:14,901 INFO     ___FILE_ONLY___ ═
2025-08-29 13:42:14,903 INFO     ___FILE_ONLY___ ═
2025-08-29 13:42:14,905 INFO     ___FILE_ONLY___ ═
2025-08-29 13:42:14,908 INFO     ___FILE_ONLY___ ═
2025-08-29 13:42:14,911 INFO     ___FILE_ONLY___ ═
2025-08-29 13:42:14,913 INFO     ___FILE_ONLY___ ═
2025-08-29 13:42:14,916 INFO     ___FILE_ONLY___ ═
2025-08-29 13:42:14,917 INFO     ___FILE_ONLY___ ═
2025-08-29 13:42:14,921 INFO     ___FILE_ONLY___ ═
2025-08-29 13:42:14,923 INFO     ___FILE_ONLY___ ═
2025-08-29 13:42:14,931 INFO     ___FILE_ONLY___ ═
2025-08-29 13:42:14,936 INFO     ___FILE_ONLY___ ═
2025-08-29 13:42:14,941 INFO     ___FILE_ONLY___ ═
2025-08-29 13:42:14,943 INFO     ___FILE_ONLY___ ═
2025-08-29 13:42:14,946 INFO     ___FILE_ONLY___ ═
2025-08-29 13:42:14,948 INFO     ___FILE_ONLY___ ═
2025-08-29 13:42:14,950 INFO     ___FILE_ONLY___ ═
2025-08-29 13:42:14,954 INFO     ___FILE_ONLY___ ═
2025-08-29 13:42:14,957 INFO     ___FILE_ONLY___ ═
2025-08-29 13:42:14,959 INFO     ___FILE_ONLY___ ═
2025-08-29 13:42:14,962 INFO     ___FILE_ONLY___ ═
2025-08-29 13:42:14,963 INFO     ___FILE_ONLY___ ═
2025-08-29 13:42:14,966 INFO     ___FILE_ONLY___ ═
2025-08-29 13:42:14,968 INFO     ___FILE_ONLY___ ═
2025-08-29 13:42:14,970 INFO     ___FILE_ONLY___ ═
2025-08-29 13:42:14,973 INFO     ___FILE_ONLY___ ═
2025-08-29 13:42:14,975 INFO     ___FILE_ONLY___ ═
2025-08-29 13:42:14,977 INFO     ___FILE_ONLY___ ═
2025-08-29 13:42:14,980 INFO     ___FILE_ONLY___ ═
2025-08-29 13:42:14,982 INFO     ___FILE_ONLY___ ═
2025-08-29 13:42:14,984 INFO     ___FILE_ONLY___ ═
2025-08-29 13:42:14,986 INFO     ___FILE_ONLY___ ═
2025-08-29 13:42:14,988 INFO     ___FILE_ONLY___ ═
2025-08-29 13:42:14,990 INFO     ___FILE_ONLY___ ═
2025-08-29 13:42:14,992 INFO     ___FILE_ONLY___ ═
2025-08-29 13:42:14,992 INFO     ___FILE_ONLY___ ╝

2025-08-29 13:42:15,002 INFO     ___FILE_ONLY___ ╔════════════════════════════════════════════════════════════╗

2025-08-29 13:42:15,002 INFO     ___FILE_ONLY___ ╠═ Installing: BigQuery Command Line Tool (Platform Spec... ═╣

2025-08-29 13:42:15,003 INFO     ___FILE_ONLY___ ╚
2025-08-29 13:42:15,003 INFO     ___FILE_ONLY___ ════════════════════════════════════════════════════════════
2025-08-29 13:42:15,004 INFO     ___FILE_ONLY___ ╝

2025-08-29 13:42:15,008 INFO     ___FILE_ONLY___ ╔════════════════════════════════════════════════════════════╗

2025-08-29 13:42:15,008 INFO     ___FILE_ONLY___ ╠═ Installing: Bundled Python 3.12                          ═╣

2025-08-29 13:42:15,008 INFO     ___FILE_ONLY___ ╚
2025-08-29 13:42:15,010 INFO     ___FILE_ONLY___ ════════════════════════════════════════════════════════════
2025-08-29 13:42:15,011 INFO     ___FILE_ONLY___ ╝

2025-08-29 13:42:15,012 INFO     ___FILE_ONLY___ ╔════════════════════════════════════════════════════════════╗

2025-08-29 13:42:15,013 INFO     ___FILE_ONLY___ ╠═ Installing: Bundled Python 3.12 (Platform Specific)      ═╣

2025-08-29 13:42:15,013 INFO     ___FILE_ONLY___ ╚
2025-08-29 13:42:17,175 INFO     ___FILE_ONLY___ ═
2025-08-29 13:42:17,188 INFO     ___FILE_ONLY___ ═
2025-08-29 13:42:17,201 INFO     ___FILE_ONLY___ ═
2025-08-29 13:42:17,214 INFO     ___FILE_ONLY___ ═
2025-08-29 13:42:17,228 INFO     ___FILE_ONLY___ ═
2025-08-29 13:42:17,242 INFO     ___FILE_ONLY___ ═
2025-08-29 13:42:17,256 INFO     ___FILE_ONLY___ ═
2025-08-29 13:42:17,269 INFO     ___FILE_ONLY___ ═
2025-08-29 13:42:17,282 INFO     ___FILE_ONLY___ ═
2025-08-29 13:42:17,296 INFO     ___FILE_ONLY___ ═
2025-08-29 13:42:17,309 INFO     ___FILE_ONLY___ ═
2025-08-29 13:42:17,322 INFO     ___FILE_ONLY___ ═
2025-08-29 13:42:17,336 INFO     ___FILE_ONLY___ ═
2025-08-29 13:42:17,349 INFO     ___FILE_ONLY___ ═
2025-08-29 13:42:17,363 INFO     ___FILE_ONLY___ ═
2025-08-29 13:42:17,376 INFO     ___FILE_ONLY___ ═
2025-08-29 13:42:17,390 INFO     ___FILE_ONLY___ ═
2025-08-29 13:42:17,404 INFO     ___FILE_ONLY___ ═
2025-08-29 13:42:17,417 INFO     ___FILE_ONLY___ ═
2025-08-29 13:42:17,431 INFO     ___FILE_ONLY___ ═
2025-08-29 13:42:17,445 INFO     ___FILE_ONLY___ ═
2025-08-29 13:42:17,459 INFO     ___FILE_ONLY___ ═
2025-08-29 13:42:17,472 INFO     ___FILE_ONLY___ ═
2025-08-29 13:42:17,486 INFO     ___FILE_ONLY___ ═
2025-08-29 13:42:17,500 INFO     ___FILE_ONLY___ ═
2025-08-29 13:42:17,513 INFO     ___FILE_ONLY___ ═
2025-08-29 13:42:17,526 INFO     ___FILE_ONLY___ ═
2025-08-29 13:42:17,540 INFO     ___FILE_ONLY___ ═
2025-08-29 13:42:17,553 INFO     ___FILE_ONLY___ ═
2025-08-29 13:42:17,567 INFO     ___FILE_ONLY___ ═
2025-08-29 13:42:17,580 INFO     ___FILE_ONLY___ ═
2025-08-29 13:42:17,593 INFO     ___FILE_ONLY___ ═
2025-08-29 13:42:17,607 INFO     ___FILE_ONLY___ ═
2025-08-29 13:42:17,621 INFO     ___FILE_ONLY___ ═
2025-08-29 13:42:17,638 INFO     ___FILE_ONLY___ ═
2025-08-29 13:42:17,654 INFO     ___FILE_ONLY___ ═
2025-08-29 13:42:18,502 INFO     ___FILE_ONLY___ ═
2025-08-29 13:42:18,527 INFO     ___FILE_ONLY___ ═
2025-08-29 13:42:19,012 INFO     ___FILE_ONLY___ ═
2025-08-29 13:42:19,032 INFO     ___FILE_ONLY___ ═
2025-08-29 13:42:19,054 INFO     ___FILE_ONLY___ ═
2025-08-29 13:42:19,080 INFO     ___FILE_ONLY___ ═
2025-08-29 13:42:19,099 INFO     ___FILE_ONLY___ ═
2025-08-29 13:42:19,128 INFO     ___FILE_ONLY___ ═
2025-08-29 13:42:19,149 INFO     ___FILE_ONLY___ ═
2025-08-29 13:42:19,169 INFO     ___FILE_ONLY___ ═
2025-08-29 13:42:19,187 INFO     ___FILE_ONLY___ ═
2025-08-29 13:42:19,205 INFO     ___FILE_ONLY___ ═
2025-08-29 13:42:19,292 INFO     ___FILE_ONLY___ ═
2025-08-29 13:42:19,312 INFO     ___FILE_ONLY___ ═
2025-08-29 13:42:19,452 INFO     ___FILE_ONLY___ ═
2025-08-29 13:42:19,470 INFO     ___FILE_ONLY___ ═
2025-08-29 13:42:19,489 INFO     ___FILE_ONLY___ ═
2025-08-29 13:42:19,507 INFO     ___FILE_ONLY___ ═
2025-08-29 13:42:19,524 INFO     ___FILE_ONLY___ ═
2025-08-29 13:42:19,544 INFO     ___FILE_ONLY___ ═
2025-08-29 13:42:19,562 INFO     ___FILE_ONLY___ ═
2025-08-29 13:42:19,580 INFO     ___FILE_ONLY___ ═
2025-08-29 13:42:19,609 INFO     ___FILE_ONLY___ ═
2025-08-29 13:42:20,087 INFO     ___FILE_ONLY___ ═
2025-08-29 13:42:20,087 INFO     ___FILE_ONLY___ ╝

2025-08-29 13:42:20,141 INFO     ___FILE_ONLY___ ╔════════════════════════════════════════════════════════════╗

2025-08-29 13:42:20,142 INFO     ___FILE_ONLY___ ╠═ Installing: Cloud Storage Command Line Tool              ═╣

2025-08-29 13:42:20,142 INFO     ___FILE_ONLY___ ╚
2025-08-29 13:42:20,679 INFO     ___FILE_ONLY___ ═
2025-08-29 13:42:20,692 INFO     ___FILE_ONLY___ ═
2025-08-29 13:42:20,707 INFO     ___FILE_ONLY___ ═
2025-08-29 13:42:20,719 INFO     ___FILE_ONLY___ ═
2025-08-29 13:42:20,730 INFO     ___FILE_ONLY___ ═
2025-08-29 13:42:20,767 INFO     ___FILE_ONLY___ ═
2025-08-29 13:42:20,782 INFO     ___FILE_ONLY___ ═
2025-08-29 13:42:20,799 INFO     ___FILE_ONLY___ ═
2025-08-29 13:42:20,816 INFO     ___FILE_ONLY___ ═
2025-08-29 13:42:20,833 INFO     ___FILE_ONLY___ ═
2025-08-29 13:42:20,851 INFO     ___FILE_ONLY___ ═
2025-08-29 13:42:20,863 INFO     ___FILE_ONLY___ ═
2025-08-29 13:42:20,877 INFO     ___FILE_ONLY___ ═
2025-08-29 13:42:20,888 INFO     ___FILE_ONLY___ ═
2025-08-29 13:42:20,899 INFO     ___FILE_ONLY___ ═
2025-08-29 13:42:20,918 INFO     ___FILE_ONLY___ ═
2025-08-29 13:42:20,932 INFO     ___FILE_ONLY___ ═
2025-08-29 13:42:20,943 INFO     ___FILE_ONLY___ ═
2025-08-29 13:42:20,956 INFO     ___FILE_ONLY___ ═
2025-08-29 13:42:20,968 INFO     ___FILE_ONLY___ ═
2025-08-29 13:42:20,979 INFO     ___FILE_ONLY___ ═
2025-08-29 13:42:20,993 INFO     ___FILE_ONLY___ ═
2025-08-29 13:42:21,005 INFO     ___FILE_ONLY___ ═
2025-08-29 13:42:21,017 INFO     ___FILE_ONLY___ ═
2025-08-29 13:42:21,028 INFO     ___FILE_ONLY___ ═
2025-08-29 13:42:21,039 INFO     ___FILE_ONLY___ ═
2025-08-29 13:42:21,051 INFO     ___FILE_ONLY___ ═
2025-08-29 13:42:21,066 INFO     ___FILE_ONLY___ ═
2025-08-29 13:42:21,084 INFO     ___FILE_ONLY___ ═
2025-08-29 13:42:21,096 INFO     ___FILE_ONLY___ ═
2025-08-29 13:42:21,109 INFO     ___FILE_ONLY___ ═
2025-08-29 13:42:21,131 INFO     ___FILE_ONLY___ ═
2025-08-29 13:42:21,147 INFO     ___FILE_ONLY___ ═
2025-08-29 13:42:21,167 INFO     ___FILE_ONLY___ ═
2025-08-29 13:42:21,182 INFO     ___FILE_ONLY___ ═
2025-08-29 13:42:21,200 INFO     ___FILE_ONLY___ ═
2025-08-29 13:42:21,211 INFO     ___FILE_ONLY___ ═
2025-08-29 13:42:21,223 INFO     ___FILE_ONLY___ ═
2025-08-29 13:42:21,260 INFO     ___FILE_ONLY___ ═
2025-08-29 13:42:21,275 INFO     ___FILE_ONLY___ ═
2025-08-29 13:42:21,287 INFO     ___FILE_ONLY___ ═
2025-08-29 13:42:21,298 INFO     ___FILE_ONLY___ ═
2025-08-29 13:42:21,309 INFO     ___FILE_ONLY___ ═
2025-08-29 13:42:21,321 INFO     ___FILE_ONLY___ ═
2025-08-29 13:42:21,332 INFO     ___FILE_ONLY___ ═
2025-08-29 13:42:21,342 INFO     ___FILE_ONLY___ ═
2025-08-29 13:42:21,353 INFO     ___FILE_ONLY___ ═
2025-08-29 13:42:21,364 INFO     ___FILE_ONLY___ ═
2025-08-29 13:42:21,374 INFO     ___FILE_ONLY___ ═
2025-08-29 13:42:21,388 INFO     ___FILE_ONLY___ ═
2025-08-29 13:42:21,403 INFO     ___FILE_ONLY___ ═
2025-08-29 13:42:21,417 INFO     ___FILE_ONLY___ ═
2025-08-29 13:42:21,431 INFO     ___FILE_ONLY___ ═
2025-08-29 13:42:21,446 INFO     ___FILE_ONLY___ ═
2025-08-29 13:42:21,459 INFO     ___FILE_ONLY___ ═
2025-08-29 13:42:21,475 INFO     ___FILE_ONLY___ ═
2025-08-29 13:42:21,492 INFO     ___FILE_ONLY___ ═
2025-08-29 13:42:21,513 INFO     ___FILE_ONLY___ ═
2025-08-29 13:42:21,531 INFO     ___FILE_ONLY___ ═
2025-08-29 13:42:21,549 INFO     ___FILE_ONLY___ ═
2025-08-29 13:42:21,550 INFO     ___FILE_ONLY___ ╝

2025-08-29 13:42:21,582 INFO     ___FILE_ONLY___ ╔════════════════════════════════════════════════════════════╗

2025-08-29 13:42:21,582 INFO     ___FILE_ONLY___ ╠═ Installing: Cloud Storage Command Line Tool (Platform... ═╣

2025-08-29 13:42:21,582 INFO     ___FILE_ONLY___ ╚
2025-08-29 13:42:21,583 INFO     ___FILE_ONLY___ ════════════════════════════════════════════════════════════
2025-08-29 13:42:21,584 INFO     ___FILE_ONLY___ ╝

2025-08-29 13:42:21,590 INFO     ___FILE_ONLY___ ╔════════════════════════════════════════════════════════════╗

2025-08-29 13:42:21,590 INFO     ___FILE_ONLY___ ╠═ Installing: Default set of gcloud commands               ═╣

2025-08-29 13:42:21,590 INFO     ___FILE_ONLY___ ╚
2025-08-29 13:42:21,592 INFO     ___FILE_ONLY___ ════════════════════════════════════════════════════════════
2025-08-29 13:42:21,593 INFO     ___FILE_ONLY___ ╝

2025-08-29 13:42:21,594 INFO     ___FILE_ONLY___ ╔════════════════════════════════════════════════════════════╗

2025-08-29 13:42:21,594 INFO     ___FILE_ONLY___ ╠═ Installing: Google Cloud CLI Core Libraries (Platform... ═╣

2025-08-29 13:42:21,595 INFO     ___FILE_ONLY___ ╚
2025-08-29 13:42:21,596 INFO     ___FILE_ONLY___ ══════════════════════════════
2025-08-29 13:42:21,596 INFO     ___FILE_ONLY___ ══════════════════════════════
2025-08-29 13:42:21,596 INFO     ___FILE_ONLY___ ╝

2025-08-29 13:42:21,600 INFO     ___FILE_ONLY___ ╔════════════════════════════════════════════════════════════╗

2025-08-29 13:42:21,600 INFO     ___FILE_ONLY___ ╠═ Installing: Google Cloud CRC32C Hash Tool                ═╣

2025-08-29 13:42:21,600 INFO     ___FILE_ONLY___ ╚
2025-08-29 13:42:21,603 INFO     ___FILE_ONLY___ ════════════════════════════════════════════════════════════
2025-08-29 13:42:21,603 INFO     ___FILE_ONLY___ ╝

2025-08-29 13:42:21,605 INFO     ___FILE_ONLY___ ╔════════════════════════════════════════════════════════════╗

2025-08-29 13:42:21,605 INFO     ___FILE_ONLY___ ╠═ Installing: Google Cloud CRC32C Hash Tool (Platform S... ═╣

2025-08-29 13:42:21,605 INFO     ___FILE_ONLY___ ╚
2025-08-29 13:42:21,642 INFO     ___FILE_ONLY___ ══════════════════════════════
2025-08-29 13:42:21,643 INFO     ___FILE_ONLY___ ══════════════════════════════
2025-08-29 13:42:21,643 INFO     ___FILE_ONLY___ ╝

2025-08-29 13:42:21,648 INFO     ___FILE_ONLY___ ╔════════════════════════════════════════════════════════════╗

2025-08-29 13:42:21,648 INFO     ___FILE_ONLY___ ╠═ Installing: gcloud cli dependencies (Platform Specific)  ═╣

2025-08-29 13:42:21,648 INFO     ___FILE_ONLY___ ╚
2025-08-29 13:42:21,648 INFO     ___FILE_ONLY___ ════════════════════════════════════════════════════════════
2025-08-29 13:42:21,649 INFO     ___FILE_ONLY___ ╝

2025-08-29 13:42:21,653 DEBUG    root            Updating notification cache...
2025-08-29 13:42:21,654 INFO     ___FILE_ONLY___ 

2025-08-29 13:42:21,656 INFO     ___FILE_ONLY___ Performing post processing steps...
2025-08-29 13:42:21,656 DEBUG    root            Executing command: ['/tools/google-cloud-sdk/bin/gcloud', 'components', 'post-process']
2025-08-29 13:42:31,094 DEBUG    ___FILE_ONLY___ 
2025-08-29 13:42:31,094 DEBUG    ___FILE_ONLY___ 
2025-08-29 13:42:31,194 INFO     root            descriptor_list: [{'universeDomain': 'googleapis.com', 'universeShortName': '', 'authenticationDomain': 'auth.cloud.google.com', 'projectPrefix': '', 'cloudWebDomain': 'cloud.google.com', 'documentationDomain': 'cloud.google.com', 'version': '1.0.0', 'state': 'primary', 'artifactRegistryDomain': 'pkg.dev'}]
2025-08-29 13:42:31,194 INFO     ___FILE_ONLY___ 
Update done!


2025-08-29 13:42:31,197 DEBUG    root            Chosen display Format:none
2025-08-29 13:42:31,197 INFO     root            Display format: "none"
