2025-08-29 13:42:31,994 DEBUG    root            Loaded Command Group: ['gcloud', 'components']
2025-08-29 13:42:31,997 DEBUG    root            Loaded Command Group: ['gcloud', 'components', 'update']
2025-08-29 13:42:31,998 DEBUG    root            Running [gcloud.components.update] with arguments: [--quiet: "True", COMPONENT-IDS:8: "['gcloud', 'core', 'bq', 'gsutil', 'compute', 'preview', 'alpha', 'beta']"]
2025-08-29 13:42:31,999 INFO     ___FILE_ONLY___ Beginning update. This process may take several minutes.

2025-08-29 13:42:32,008 DEBUG    urllib3.connectionpool Starting new HTTPS connection (1): dl.google.com:443
2025-08-29 13:42:32,033 DEBUG    urllib3.connectionpool https://dl.google.com:443 "GET /dl/cloudsdk/channels/rapid/components-2.json HTTP/11" 200 233150
2025-08-29 13:42:32,045 WARNING  root            Component [compute] no longer exists.
2025-08-29 13:42:32,046 INFO     ___FILE_ONLY___ 

2025-08-29 13:42:32,046 INFO     ___FILE_ONLY___ 
Your current Google Cloud CLI version is: 536.0.1

2025-08-29 13:42:32,046 INFO     ___FILE_ONLY___ Installing components from version: 536.0.1

2025-08-29 13:42:32,046 INFO     ___FILE_ONLY___ 

2025-08-29 13:42:32,046 DEBUG    root            Chosen display Format:table[box,title="These components will be removed."](details.display_name:label=Name:align=left,version.version_string:label=Version:align=right,data.size.size(zero="",min=1048576):label=Size:align=right)
2025-08-29 13:42:32,047 DEBUG    root            Chosen display Format:table[box,title="These components will be updated."](details.display_name:label=Name:align=left,version.version_string:label=Version:align=right,data.size.size(zero="",min=1048576):label=Size:align=right)
2025-08-29 13:42:32,047 DEBUG    root            Chosen display Format:table[box,title="These components will be installed."](details.display_name:label=Name:align=left,version.version_string:label=Version:align=right,data.size.size(zero="",min=1048576):label=Size:align=right)
2025-08-29 13:42:32,064 INFO     ___FILE_ONLY___ ┌────────────────────────────────────────────────┐
2025-08-29 13:42:32,064 INFO     ___FILE_ONLY___ 

2025-08-29 13:42:32,064 INFO     ___FILE_ONLY___ │      These components will be installed.       │
2025-08-29 13:42:32,064 INFO     ___FILE_ONLY___ 

2025-08-29 13:42:32,064 INFO     ___FILE_ONLY___ ├─────────────────────────┬────────────┬─────────┤
2025-08-29 13:42:32,064 INFO     ___FILE_ONLY___ 

2025-08-29 13:42:32,064 INFO     ___FILE_ONLY___ │           Name          │  Version   │   Size  │
2025-08-29 13:42:32,064 INFO     ___FILE_ONLY___ 

2025-08-29 13:42:32,064 INFO     ___FILE_ONLY___ ├─────────────────────────┼────────────┼─────────┤
2025-08-29 13:42:32,064 INFO     ___FILE_ONLY___ 

2025-08-29 13:42:32,064 INFO     ___FILE_ONLY___ │ 
2025-08-29 13:42:32,065 INFO     ___FILE_ONLY___ gcloud Alpha Commands  
2025-08-29 13:42:32,065 INFO     ___FILE_ONLY___  
2025-08-29 13:42:32,065 INFO     ___FILE_ONLY___ │ 
2025-08-29 13:42:32,065 INFO     ___FILE_ONLY___ 2025.08.27
2025-08-29 13:42:32,065 INFO     ___FILE_ONLY___  
2025-08-29 13:42:32,065 INFO     ___FILE_ONLY___ │ 
2025-08-29 13:42:32,065 INFO     ___FILE_ONLY___ < 1 MiB
2025-08-29 13:42:32,065 INFO     ___FILE_ONLY___  
2025-08-29 13:42:32,065 INFO     ___FILE_ONLY___ │
2025-08-29 13:42:32,065 INFO     ___FILE_ONLY___ 

2025-08-29 13:42:32,065 INFO     ___FILE_ONLY___ │ 
2025-08-29 13:42:32,065 INFO     ___FILE_ONLY___ gcloud Beta Commands   
2025-08-29 13:42:32,065 INFO     ___FILE_ONLY___  
2025-08-29 13:42:32,065 INFO     ___FILE_ONLY___ │ 
2025-08-29 13:42:32,065 INFO     ___FILE_ONLY___ 2025.08.27
2025-08-29 13:42:32,065 INFO     ___FILE_ONLY___  
2025-08-29 13:42:32,065 INFO     ___FILE_ONLY___ │ 
2025-08-29 13:42:32,065 INFO     ___FILE_ONLY___ < 1 MiB
2025-08-29 13:42:32,065 INFO     ___FILE_ONLY___  
2025-08-29 13:42:32,066 INFO     ___FILE_ONLY___ │
2025-08-29 13:42:32,066 INFO     ___FILE_ONLY___ 

2025-08-29 13:42:32,066 INFO     ___FILE_ONLY___ │ 
2025-08-29 13:42:32,066 INFO     ___FILE_ONLY___ gcloud Preview Commands
2025-08-29 13:42:32,066 INFO     ___FILE_ONLY___  
2025-08-29 13:42:32,066 INFO     ___FILE_ONLY___ │ 
2025-08-29 13:42:32,066 INFO     ___FILE_ONLY___           
2025-08-29 13:42:32,066 INFO     ___FILE_ONLY___  
2025-08-29 13:42:32,066 INFO     ___FILE_ONLY___ │ 
2025-08-29 13:42:32,066 INFO     ___FILE_ONLY___ < 1 MiB
2025-08-29 13:42:32,066 INFO     ___FILE_ONLY___  
2025-08-29 13:42:32,066 INFO     ___FILE_ONLY___ │
2025-08-29 13:42:32,066 INFO     ___FILE_ONLY___ 

2025-08-29 13:42:32,066 INFO     ___FILE_ONLY___ └─────────────────────────┴────────────┴─────────┘
2025-08-29 13:42:32,066 INFO     ___FILE_ONLY___ 

2025-08-29 13:42:32,066 INFO     ___FILE_ONLY___ 

2025-08-29 13:42:32,069 DEBUG    urllib3.connectionpool Starting new HTTPS connection (1): dl.google.com:443
2025-08-29 13:42:32,160 DEBUG    urllib3.connectionpool https://dl.google.com:443 "GET /dl/cloudsdk/channels/rapid/RELEASE_NOTES HTTP/11" 200 1471518
2025-08-29 13:42:32,717 INFO     ___FILE_ONLY___ For the latest full release notes, please visit:
  https://cloud.google.com/sdk/release_notes


2025-08-29 13:42:32,718 INFO     ___FILE_ONLY___ Performing in place update...


2025-08-29 13:42:32,720 INFO     ___FILE_ONLY___ ╔════════════════════════════════════════════════════════════╗

2025-08-29 13:42:32,720 INFO     ___FILE_ONLY___ ╠═ Downloading: gcloud Alpha Commands                       ═╣

2025-08-29 13:42:32,720 INFO     ___FILE_ONLY___ ╚
2025-08-29 13:42:32,723 DEBUG    urllib3.connectionpool Starting new HTTPS connection (1): dl.google.com:443
2025-08-29 13:42:32,784 DEBUG    urllib3.connectionpool https://dl.google.com:443 "GET /dl/cloudsdk/channels/rapid/components/google-cloud-sdk-alpha-20250827140515.tar.gz HTTP/11" 200 800
2025-08-29 13:42:32,784 INFO     ___FILE_ONLY___ ════════════════════════════════════════════════════════════
2025-08-29 13:42:32,784 INFO     ___FILE_ONLY___ ╝

2025-08-29 13:42:32,786 INFO     ___FILE_ONLY___ ╔════════════════════════════════════════════════════════════╗

2025-08-29 13:42:32,787 INFO     ___FILE_ONLY___ ╠═ Downloading: gcloud Beta Commands                        ═╣

2025-08-29 13:42:32,787 INFO     ___FILE_ONLY___ ╚
2025-08-29 13:42:32,789 DEBUG    urllib3.connectionpool Starting new HTTPS connection (1): dl.google.com:443
2025-08-29 13:42:32,811 DEBUG    urllib3.connectionpool https://dl.google.com:443 "GET /dl/cloudsdk/channels/rapid/components/google-cloud-sdk-beta-20250827140515.tar.gz HTTP/11" 200 797
2025-08-29 13:42:32,812 INFO     ___FILE_ONLY___ ════════════════════════════════════════════════════════════
2025-08-29 13:42:32,812 INFO     ___FILE_ONLY___ ╝

2025-08-29 13:42:32,814 INFO     ___FILE_ONLY___ ╔════════════════════════════════════════════════════════════╗

2025-08-29 13:42:32,814 INFO     ___FILE_ONLY___ ╠═ Downloading: gcloud Preview Commands                     ═╣

2025-08-29 13:42:32,814 INFO     ___FILE_ONLY___ ╚
2025-08-29 13:42:32,817 DEBUG    urllib3.connectionpool Starting new HTTPS connection (1): dl.google.com:443
2025-08-29 13:42:32,880 DEBUG    urllib3.connectionpool https://dl.google.com:443 "GET /dl/cloudsdk/channels/rapid/components/google-cloud-sdk-preview-20241115154308.tar.gz HTTP/11" 200 823
2025-08-29 13:42:32,881 INFO     ___FILE_ONLY___ ════════════════════════════════════════════════════════════
2025-08-29 13:42:32,881 INFO     ___FILE_ONLY___ ╝

2025-08-29 13:42:32,883 INFO     ___FILE_ONLY___ ╔════════════════════════════════════════════════════════════╗

2025-08-29 13:42:32,883 INFO     ___FILE_ONLY___ ╠═ Installing: gcloud Alpha Commands                        ═╣

2025-08-29 13:42:32,883 INFO     ___FILE_ONLY___ ╚
2025-08-29 13:42:32,884 INFO     ___FILE_ONLY___ ════════════════════════════════════════════════════════════
2025-08-29 13:42:32,884 INFO     ___FILE_ONLY___ ╝

2025-08-29 13:42:32,889 INFO     ___FILE_ONLY___ ╔════════════════════════════════════════════════════════════╗

2025-08-29 13:42:32,890 INFO     ___FILE_ONLY___ ╠═ Installing: gcloud Beta Commands                         ═╣

2025-08-29 13:42:32,890 INFO     ___FILE_ONLY___ ╚
2025-08-29 13:42:32,890 INFO     ___FILE_ONLY___ ════════════════════════════════════════════════════════════
2025-08-29 13:42:32,890 INFO     ___FILE_ONLY___ ╝

2025-08-29 13:42:32,895 INFO     ___FILE_ONLY___ ╔════════════════════════════════════════════════════════════╗

2025-08-29 13:42:32,895 INFO     ___FILE_ONLY___ ╠═ Installing: gcloud Preview Commands                      ═╣

2025-08-29 13:42:32,895 INFO     ___FILE_ONLY___ ╚
2025-08-29 13:42:32,895 INFO     ___FILE_ONLY___ ════════════════════════════════════════════════════════════
2025-08-29 13:42:32,896 INFO     ___FILE_ONLY___ ╝

2025-08-29 13:42:32,900 DEBUG    root            Updating notification cache...
2025-08-29 13:42:32,901 INFO     ___FILE_ONLY___ 

2025-08-29 13:42:32,903 INFO     ___FILE_ONLY___ Performing post processing steps...
2025-08-29 13:42:32,903 DEBUG    root            Executing command: ['/tools/google-cloud-sdk/bin/gcloud', 'components', 'post-process']
2025-08-29 13:42:42,333 DEBUG    ___FILE_ONLY___ 
2025-08-29 13:42:42,333 DEBUG    ___FILE_ONLY___ 
2025-08-29 13:42:42,418 INFO     root            descriptor_list: [{'universeDomain': 'googleapis.com', 'universeShortName': '', 'authenticationDomain': 'auth.cloud.google.com', 'projectPrefix': '', 'cloudWebDomain': 'cloud.google.com', 'documentationDomain': 'cloud.google.com', 'version': '1.0.0', 'state': 'primary', 'artifactRegistryDomain': 'pkg.dev'}]
2025-08-29 13:42:42,419 INFO     ___FILE_ONLY___ 
Update done!


2025-08-29 13:42:42,422 DEBUG    root            Chosen display Format:none
2025-08-29 13:42:42,422 INFO     root            Display format: "none"
